2025-07-09 17:05:00 | INFO | repo=2017-course-sys-int-activemq-seminar | action=commit
2025-12-11 08:57:00 | INFO | repo=2017-course-sys-int-activemq-seminar | action=commit
2025-05-28 11:38:00 | DEBUG | repo=2017-course-sys-int-activemq-seminar | action=test | passed=true
2025-11-23 20:25:00 | DEBUG | repo=2017-course-sys-int-activemq-seminar | action=edit | files=2
2025-12-08 19:08:00 | WARN | repo=2017-course-sys-int-activemq-seminar | action=pull
2025-10-03 11:44:00 | WARN | repo=2017-course-sys-int-activemq-seminar | action=commit
2025-06-27 15:46:00 | INFO | repo=2017-course-sys-int-activemq-seminar | action=edit | files=1
2025-03-11 08:55:00 | WARN | repo=2017-course-sys-int-activemq-seminar | action=commit
2025-06-23 12:18:00 | WARN | repo=2017-course-sys-int-activemq-seminar | action=pull
2025-07-15 07:39:00 | WARN | repo=2017-course-sys-int-activemq-seminar | action=pull
2025-01-12 07:49:00 | INFO | repo=2017-course-sys-int-activemq-seminar | action=edit | files=4
2025-08-06 20:38:00 | WARN | repo=2017-course-sys-int-activemq-seminar | action=commit
2025-07-26 12:55:00 | INFO | repo=2017-course-sys-int-activemq-seminar | action=commit
2025-09-15 16:58:00 | INFO | repo=2017-course-sys-int-activemq-seminar | action=pull
2025-02-05 11:55:00 | DEBUG | repo=2017-course-sys-int-activemq-seminar | action=commit
2025-01-23 15:53:00 | DEBUG | repo=2017-course-sys-int-activemq-seminar | action=test | passed=true
2025-02-13 14:01:00 | WARN | repo=2017-course-sys-int-activemq-seminar | action=commit
2025-12-01 09:59:00 | WARN | repo=2017-course-sys-int-activemq-seminar | action=commit
2025-12-22 19:35:00 | INFO | repo=2017-course-sys-int-activemq-seminar | action=commit
2025-08-19 16:38:00 | DEBUG | repo=2017-course-sys-int-activemq-seminar | action=test | passed=true
2025-08-12 20:21:00 | WARN | repo=2017-course-sys-int-activemq-seminar | action=commit
2025-03-16 15:30:00 | INFO | repo=2017-course-sys-int-activemq-seminar | action=commit
2025-06-10 20:46:00 | INFO | repo=2017-course-sys-int-activemq-seminar | action=commit
2025-11-02 16:33:00 | WARN | repo=2017-course-sys-int-activemq-seminar | action=commit
2025-03-01 11:54:00 | DEBUG | repo=2017-course-sys-int-activemq-seminar | action=edit | files=2
2025-08-11 15:40:00 | INFO | repo=2017-course-sys-int-activemq-seminar | action=edit | files=2
2025-01-23 21:47:00 | INFO | repo=2017-course-sys-int-activemq-seminar | action=commit
2025-02-13 09:05:00 | DEBUG | repo=2017-course-sys-int-activemq-seminar | action=commit
2025-11-16 11:45:00 | INFO | repo=2017-course-sys-int-activemq-seminar | action=commit
2025-04-13 11:21:00 | WARN | repo=2017-course-sys-int-activemq-seminar | action=test | passed=true
2025-02-16 10:19:00 | DEBUG | repo=2017-course-sys-int-activemq-seminar | action=commit
2025-03-12 08:34:00 | WARN | repo=2017-course-sys-int-activemq-seminar | action=commit
2025-11-03 16:00:00 | WARN | repo=2017-course-sys-int-activemq-seminar | action=commit
2025-03-17 09:19:00 | WARN | repo=2017-course-sys-int-activemq-seminar | action=commit
2025-06-28 17:39:00 | DEBUG | repo=2017-course-sys-int-activemq-seminar | action=commit
2025-10-05 16:34:00 | DEBUG | repo=2017-course-sys-int-activemq-seminar | action=commit
2025-04-28 20:57:00 | WARN | repo=2017-course-sys-int-activemq-seminar | action=test | passed=true
2025-09-16 11:05:00 | DEBUG | repo=2017-course-sys-int-activemq-seminar | action=commit
2025-05-10 18:43:00 | WARN | repo=2017-course-sys-int-activemq-seminar | action=commit
2025-06-05 18:27:00 | INFO | repo=2017-course-sys-int-activemq-seminar | action=commit
2025-12-26 07:56:00 | INFO | repo=2017-course-sys-int-activemq-seminar | action=edit | files=1
2025-09-22 07:12:00 | DEBUG | repo=2017-course-sys-int-activemq-seminar | action=commit
2025-10-06 07:37:00 | DEBUG | repo=2017-course-sys-int-activemq-seminar | action=commit
2025-04-14 16:04:00 | DEBUG | repo=2017-course-sys-int-activemq-seminar | action=pull
2025-04-05 20:41:00 | DEBUG | repo=2017-course-sys-int-activemq-seminar | action=commit
2025-09-27 13:07:00 | WARN | repo=2017-course-sys-int-activemq-seminar | action=test | passed=true
2025-05-04 20:36:00 | INFO | repo=2017-course-sys-int-activemq-seminar | action=commit
2025-12-15 18:43:00 | DEBUG | repo=2017-course-sys-int-activemq-seminar | action=commit
2025-01-10 14:55:00 | WARN | repo=2017-course-sys-int-activemq-seminar | action=commit
2025-11-14 17:15:00 | INFO | repo=2017-course-sys-int-activemq-seminar | action=commit
2025-12-18 19:48:00 | WARN | repo=2017-course-sys-int-activemq-seminar | action=commit
2025-04-19 11:49:00 | DEBUG | repo=2017-course-sys-int-activemq-seminar | action=commit
2025-04-14 16:31:00 | DEBUG | repo=2017-course-sys-int-activemq-seminar | action=commit
2025-11-16 20:56:00 | INFO | repo=2017-course-sys-int-activemq-seminar | action=commit
2025-09-07 18:12:00 | WARN | repo=2017-course-sys-int-activemq-seminar | action=commit
2025-12-10 13:05:00 | DEBUG | repo=2017-course-sys-int-activemq-seminar | action=commit
2025-09-10 08:00:00 | DEBUG | repo=2017-course-sys-int-activemq-seminar | action=commit
2025-07-21 15:41:00 | DEBUG | repo=2017-course-sys-int-activemq-seminar | action=commit
2025-05-14 14:13:00 | INFO | repo=2017-course-sys-int-activemq-seminar | action=commit
2025-08-27 09:23:00 | DEBUG | repo=2017-course-sys-int-activemq-seminar | action=test | passed=true
2025-06-25 19:40:00 | DEBUG | repo=2017-course-sys-int-activemq-seminar | action=commit
2025-05-21 14:37:00 | WARN | repo=2017-course-sys-int-activemq-seminar | action=commit
2025-11-12 21:13:00 | WARN | repo=2017-course-sys-int-activemq-seminar | action=commit
2025-09-22 19:15:00 | WARN | repo=2017-course-sys-int-activemq-seminar | action=commit
2025-07-10 18:45:00 | INFO | repo=2017-course-sys-int-activemq-seminar | action=edit | files=3
2025-05-11 09:12:00 | DEBUG | repo=2017-course-sys-int-activemq-seminar | action=commit
2025-02-13 19:50:00 | DEBUG | repo=2017-course-sys-int-activemq-seminar | action=commit
2025-08-10 09:25:00 | INFO | repo=2017-course-sys-int-activemq-seminar | action=edit | files=5
2025-10-25 15:24:00 | WARN | repo=2017-course-sys-int-activemq-seminar | action=commit
2025-10-07 08:32:00 | INFO | repo=2017-course-sys-int-activemq-seminar | action=commit
2025-05-11 08:02:00 | DEBUG | repo=2017-course-sys-int-activemq-seminar | action=commit
2025-09-27 10:09:00 | DEBUG | repo=2017-course-sys-int-activemq-seminar | action=commit
2025-04-13 13:25:00 | WARN | repo=2017-course-sys-int-activemq-seminar | action=commit
2025-12-19 09:07:00 | WARN | repo=2017-course-sys-int-activemq-seminar | action=commit
2025-07-12 21:45:00 | INFO | repo=2017-course-sys-int-activemq-seminar | action=commit
